<?xml version="1.0" encoding="UTF-8"?>
<testng-results ignored="0" total="1" passed="1" failed="0" skipped="0">
  <reporter-output>
  </reporter-output>
  <suite started-at="2023-07-12T21:06:22Z" name="Suite" finished-at="2023-07-12T21:06:23Z" duration-ms="1143">
    <groups>
    </groups>
    <test started-at="2023-07-12T21:06:22Z" name="Test" finished-at="2023-07-12T21:06:23Z" duration-ms="1143">
      <class name="selenium_first_project.RestAssuredProject.Get_Request">
        <test-method signature="testcase()[pri:0, instance:selenium_first_project.RestAssuredProject.Get_Request@5f049ea1]" started-at="2023-07-12T17:06:22Z" name="testcase" finished-at="2023-07-12T17:06:23Z" duration-ms="1126" status="PASS">
          <reporter-output>
          </reporter-output>
        </test-method> <!-- testcase -->
      </class> <!-- selenium_first_project.RestAssuredProject.Get_Request -->
    </test> <!-- Test -->
  </suite> <!-- Suite -->
</testng-results>
